2026-03-12 01:48:33,243 - verbecc - INFO - verbs.py:29 - loaded verbecc config: VerbeccConfig(version=1, ENABLE_ML_PREDICTION=True, JSBEAUTIFIER_ENABLE=True, JSBEAUTIFIER_OPTS=JSBeautifierOpts(brace_style='expand', break_chained_methods=False, comma_first=False, e4x=False, end_with_newline=False, indent_char=' ', indent_empty_lines=False, indent_inner_html=False, indent_scripts='normal', indent_size=4, jslint_happy=False, keep_array_indentation=False, max_preserve_newlines=-1, preserve_newlines=False, space_before_conditional=True, unescape_strings=False, wrap_line_length=80), JSON_OPTS=JSONOpts(allow_nan=False, sort_keys=True, ensure_ascii=False, indent=4))
2026-03-12 01:48:33,245 - verbecc - INFO - verbs.py:29 - loaded verbecc config: VerbeccConfig(version=1, ENABLE_ML_PREDICTION=True, JSBEAUTIFIER_ENABLE=True, JSBEAUTIFIER_OPTS=JSBeautifierOpts(brace_style='expand', break_chained_methods=False, comma_first=False, e4x=False, end_with_newline=False, indent_char=' ', indent_empty_lines=False, indent_inner_html=False, indent_scripts='normal', indent_size=4, jslint_happy=False, keep_array_indentation=False, max_preserve_newlines=-1, preserve_newlines=False, space_before_conditional=True, unescape_strings=False, wrap_line_length=80), JSON_OPTS=JSONOpts(allow_nan=False, sort_keys=True, ensure_ascii=False, indent=4))
2026-03-12 01:48:33,263 - verbecc - WARNING - model_utils.py:60 - Exception loading model data/models/trained_model-pt.zip: [Errno 2] No such file or directory: '/Users/antoi/Library/Mobile Documents/com~apple~CloudDocs/Appli portugais/venv/lib/python3.14/site-packages/verbecc/data/models/trained_model-pt.zip'
Traceback (most recent call last):
  File "/Users/antoi/Library/Mobile Documents/com~apple~CloudDocs/Appli portugais/venv/lib/python3.14/site-packages/verbecc/src/mlconjug/model_utils.py", line 50, in load_model
    with ZipFile(f) as zf:
         ~~~~~~~^^^
  File "/opt/homebrew/Cellar/python@3.14/3.14.3_1/Frameworks/Python.framework/Versions/3.14/lib/python3.14/zipfile/__init__.py", line 1453, in __init__
    self.fp = io.open(file, filemode)
              ~~~~~~~^^^^^^^^^^^^^^^^
FileNotFoundError: [Errno 2] No such file or directory: '/Users/antoi/Library/Mobile Documents/com~apple~CloudDocs/Appli portugais/venv/lib/python3.14/site-packages/verbecc/data/models/trained_model-pt.zip'
2026-03-12 01:48:33,264 - verbecc - INFO - predictor.py:23 - Could not load existing model, training new model...
2026-03-12 01:48:33,264 - verbecc - WARNING - model_utils.py:60 - Exception loading model data/models/trained_model-pt.zip: [Errno 2] No such file or directory: '/Users/antoi/Library/Mobile Documents/com~apple~CloudDocs/Appli portugais/venv/lib/python3.14/site-packages/verbecc/data/models/trained_model-pt.zip'
Traceback (most recent call last):
  File "/Users/antoi/Library/Mobile Documents/com~apple~CloudDocs/Appli portugais/venv/lib/python3.14/site-packages/verbecc/src/mlconjug/model_utils.py", line 50, in load_model
    with ZipFile(f) as zf:
         ~~~~~~~^^^
  File "/opt/homebrew/Cellar/python@3.14/3.14.3_1/Frameworks/Python.framework/Versions/3.14/lib/python3.14/zipfile/__init__.py", line 1453, in __init__
    self.fp = io.open(file, filemode)
              ~~~~~~~^^^^^^^^^^^^^^^^
FileNotFoundError: [Errno 2] No such file or directory: '/Users/antoi/Library/Mobile Documents/com~apple~CloudDocs/Appli portugais/venv/lib/python3.14/site-packages/verbecc/data/models/trained_model-pt.zip'
2026-03-12 01:48:33,265 - verbecc - INFO - predictor.py:23 - Could not load existing model, training new model...
2026-03-12 01:48:51,523 - verbecc - INFO - model_utils.py:35 - Saved model pickle filename trained_model-pt.pickle to zip filename data/models/trained_model-pt.zip.
2026-03-12 01:48:51,525 - verbecc - INFO - predictor.py:27 - Model training complete. Model saved to data/models/trained_model-pt.zip.
2026-03-12 01:48:52,203 - verbecc - INFO - model_utils.py:35 - Saved model pickle filename trained_model-pt.pickle to zip filename data/models/trained_model-pt.zip.
2026-03-12 01:48:52,204 - verbecc - INFO - predictor.py:27 - Model training complete. Model saved to data/models/trained_model-pt.zip.
2026-03-12 01:48:52,317 - verbecc - INFO - verbs.py:29 - loaded verbecc config: VerbeccConfig(version=1, ENABLE_ML_PREDICTION=True, JSBEAUTIFIER_ENABLE=True, JSBEAUTIFIER_OPTS=JSBeautifierOpts(brace_style='expand', break_chained_methods=False, comma_first=False, e4x=False, end_with_newline=False, indent_char=' ', indent_empty_lines=False, indent_inner_html=False, indent_scripts='normal', indent_size=4, jslint_happy=False, keep_array_indentation=False, max_preserve_newlines=-1, preserve_newlines=False, space_before_conditional=True, unescape_strings=False, wrap_line_length=80), JSON_OPTS=JSONOpts(allow_nan=False, sort_keys=True, ensure_ascii=False, indent=4))
2026-03-12 01:48:52,323 - verbecc - WARNING - model_utils.py:60 - Exception loading model data/models/trained_model-fr.zip: [Errno 2] No such file or directory: '/Users/antoi/Library/Mobile Documents/com~apple~CloudDocs/Appli portugais/venv/lib/python3.14/site-packages/verbecc/data/models/trained_model-fr.zip'
Traceback (most recent call last):
  File "/Users/antoi/Library/Mobile Documents/com~apple~CloudDocs/Appli portugais/venv/lib/python3.14/site-packages/verbecc/src/mlconjug/model_utils.py", line 50, in load_model
    with ZipFile(f) as zf:
         ~~~~~~~^^^
  File "/opt/homebrew/Cellar/python@3.14/3.14.3_1/Frameworks/Python.framework/Versions/3.14/lib/python3.14/zipfile/__init__.py", line 1453, in __init__
    self.fp = io.open(file, filemode)
              ~~~~~~~^^^^^^^^^^^^^^^^
FileNotFoundError: [Errno 2] No such file or directory: '/Users/antoi/Library/Mobile Documents/com~apple~CloudDocs/Appli portugais/venv/lib/python3.14/site-packages/verbecc/data/models/trained_model-fr.zip'
2026-03-12 01:48:52,324 - verbecc - INFO - predictor.py:23 - Could not load existing model, training new model...
2026-03-12 01:48:55,041 - verbecc - INFO - model_utils.py:35 - Saved model pickle filename trained_model-fr.pickle to zip filename data/models/trained_model-fr.zip.
2026-03-12 01:48:55,042 - verbecc - INFO - predictor.py:27 - Model training complete. Model saved to data/models/trained_model-fr.zip.
2026-03-12 01:49:03,468 - verbecc - INFO - verbs.py:29 - loaded verbecc config: VerbeccConfig(version=1, ENABLE_ML_PREDICTION=True, JSBEAUTIFIER_ENABLE=True, JSBEAUTIFIER_OPTS=JSBeautifierOpts(brace_style='expand', break_chained_methods=False, comma_first=False, e4x=False, end_with_newline=False, indent_char=' ', indent_empty_lines=False, indent_inner_html=False, indent_scripts='normal', indent_size=4, jslint_happy=False, keep_array_indentation=False, max_preserve_newlines=-1, preserve_newlines=False, space_before_conditional=True, unescape_strings=False, wrap_line_length=80), JSON_OPTS=JSONOpts(allow_nan=False, sort_keys=True, ensure_ascii=False, indent=4))
2026-03-12 01:49:03,511 - verbecc - INFO - model_utils.py:54 - Loaded model pickle (filename=trained_model-pt.pickle) from zip file (filename=data/models/trained_model-pt.zip)
2026-03-12 01:49:03,511 - verbecc - INFO - predictor.py:21 - Loaded existing model from zip file.
2026-03-12 01:49:10,935 - verbecc - INFO - verbs.py:29 - loaded verbecc config: VerbeccConfig(version=1, ENABLE_ML_PREDICTION=True, JSBEAUTIFIER_ENABLE=True, JSBEAUTIFIER_OPTS=JSBeautifierOpts(brace_style='expand', break_chained_methods=False, comma_first=False, e4x=False, end_with_newline=False, indent_char=' ', indent_empty_lines=False, indent_inner_html=False, indent_scripts='normal', indent_size=4, jslint_happy=False, keep_array_indentation=False, max_preserve_newlines=-1, preserve_newlines=False, space_before_conditional=True, unescape_strings=False, wrap_line_length=80), JSON_OPTS=JSONOpts(allow_nan=False, sort_keys=True, ensure_ascii=False, indent=4))
2026-03-12 01:49:10,974 - verbecc - INFO - model_utils.py:54 - Loaded model pickle (filename=trained_model-pt.pickle) from zip file (filename=data/models/trained_model-pt.zip)
2026-03-12 01:49:10,974 - verbecc - INFO - predictor.py:21 - Loaded existing model from zip file.
2026-03-12 01:49:22,159 - verbecc - INFO - verbs.py:29 - loaded verbecc config: VerbeccConfig(version=1, ENABLE_ML_PREDICTION=True, JSBEAUTIFIER_ENABLE=True, JSBEAUTIFIER_OPTS=JSBeautifierOpts(brace_style='expand', break_chained_methods=False, comma_first=False, e4x=False, end_with_newline=False, indent_char=' ', indent_empty_lines=False, indent_inner_html=False, indent_scripts='normal', indent_size=4, jslint_happy=False, keep_array_indentation=False, max_preserve_newlines=-1, preserve_newlines=False, space_before_conditional=True, unescape_strings=False, wrap_line_length=80), JSON_OPTS=JSONOpts(allow_nan=False, sort_keys=True, ensure_ascii=False, indent=4))
2026-03-12 01:49:22,159 - verbecc - INFO - verbs.py:29 - loaded verbecc config: VerbeccConfig(version=1, ENABLE_ML_PREDICTION=True, JSBEAUTIFIER_ENABLE=True, JSBEAUTIFIER_OPTS=JSBeautifierOpts(brace_style='expand', break_chained_methods=False, comma_first=False, e4x=False, end_with_newline=False, indent_char=' ', indent_empty_lines=False, indent_inner_html=False, indent_scripts='normal', indent_size=4, jslint_happy=False, keep_array_indentation=False, max_preserve_newlines=-1, preserve_newlines=False, space_before_conditional=True, unescape_strings=False, wrap_line_length=80), JSON_OPTS=JSONOpts(allow_nan=False, sort_keys=True, ensure_ascii=False, indent=4))
2026-03-12 01:49:22,172 - verbecc - INFO - model_utils.py:54 - Loaded model pickle (filename=trained_model-fr.pickle) from zip file (filename=data/models/trained_model-fr.zip)
2026-03-12 01:49:22,172 - verbecc - INFO - model_utils.py:54 - Loaded model pickle (filename=trained_model-fr.pickle) from zip file (filename=data/models/trained_model-fr.zip)
2026-03-12 01:49:22,172 - verbecc - INFO - predictor.py:21 - Loaded existing model from zip file.
2026-03-12 01:49:22,173 - verbecc - INFO - predictor.py:21 - Loaded existing model from zip file.
2026-03-12 01:50:25,189 - verbecc - INFO - verbs.py:29 - loaded verbecc config: VerbeccConfig(version=1, ENABLE_ML_PREDICTION=True, JSBEAUTIFIER_ENABLE=True, JSBEAUTIFIER_OPTS=JSBeautifierOpts(brace_style='expand', break_chained_methods=False, comma_first=False, e4x=False, end_with_newline=False, indent_char=' ', indent_empty_lines=False, indent_inner_html=False, indent_scripts='normal', indent_size=4, jslint_happy=False, keep_array_indentation=False, max_preserve_newlines=-1, preserve_newlines=False, space_before_conditional=True, unescape_strings=False, wrap_line_length=80), JSON_OPTS=JSONOpts(allow_nan=False, sort_keys=True, ensure_ascii=False, indent=4))
2026-03-12 01:50:25,214 - verbecc - INFO - model_utils.py:54 - Loaded model pickle (filename=trained_model-fr.pickle) from zip file (filename=data/models/trained_model-fr.zip)
2026-03-12 01:50:25,215 - verbecc - INFO - predictor.py:21 - Loaded existing model from zip file.
2026-03-12 01:50:25,316 - verbecc - INFO - verbs.py:29 - loaded verbecc config: VerbeccConfig(version=1, ENABLE_ML_PREDICTION=True, JSBEAUTIFIER_ENABLE=True, JSBEAUTIFIER_OPTS=JSBeautifierOpts(brace_style='expand', break_chained_methods=False, comma_first=False, e4x=False, end_with_newline=False, indent_char=' ', indent_empty_lines=False, indent_inner_html=False, indent_scripts='normal', indent_size=4, jslint_happy=False, keep_array_indentation=False, max_preserve_newlines=-1, preserve_newlines=False, space_before_conditional=True, unescape_strings=False, wrap_line_length=80), JSON_OPTS=JSONOpts(allow_nan=False, sort_keys=True, ensure_ascii=False, indent=4))
2026-03-12 01:50:25,397 - verbecc - INFO - model_utils.py:54 - Loaded model pickle (filename=trained_model-pt.pickle) from zip file (filename=data/models/trained_model-pt.zip)
2026-03-12 01:50:25,397 - verbecc - INFO - predictor.py:21 - Loaded existing model from zip file.
2026-03-12 01:51:31,881 - verbecc - INFO - verbs.py:29 - loaded verbecc config: VerbeccConfig(version=1, ENABLE_ML_PREDICTION=True, JSBEAUTIFIER_ENABLE=True, JSBEAUTIFIER_OPTS=JSBeautifierOpts(brace_style='expand', break_chained_methods=False, comma_first=False, e4x=False, end_with_newline=False, indent_char=' ', indent_empty_lines=False, indent_inner_html=False, indent_scripts='normal', indent_size=4, jslint_happy=False, keep_array_indentation=False, max_preserve_newlines=-1, preserve_newlines=False, space_before_conditional=True, unescape_strings=False, wrap_line_length=80), JSON_OPTS=JSONOpts(allow_nan=False, sort_keys=True, ensure_ascii=False, indent=4))
2026-03-12 01:51:31,960 - verbecc - INFO - model_utils.py:54 - Loaded model pickle (filename=trained_model-pt.pickle) from zip file (filename=data/models/trained_model-pt.zip)
2026-03-12 01:51:31,961 - verbecc - INFO - predictor.py:21 - Loaded existing model from zip file.
2026-03-12 01:51:32,068 - verbecc - INFO - verbs.py:29 - loaded verbecc config: VerbeccConfig(version=1, ENABLE_ML_PREDICTION=True, JSBEAUTIFIER_ENABLE=True, JSBEAUTIFIER_OPTS=JSBeautifierOpts(brace_style='expand', break_chained_methods=False, comma_first=False, e4x=False, end_with_newline=False, indent_char=' ', indent_empty_lines=False, indent_inner_html=False, indent_scripts='normal', indent_size=4, jslint_happy=False, keep_array_indentation=False, max_preserve_newlines=-1, preserve_newlines=False, space_before_conditional=True, unescape_strings=False, wrap_line_length=80), JSON_OPTS=JSONOpts(allow_nan=False, sort_keys=True, ensure_ascii=False, indent=4))
2026-03-12 01:51:32,086 - verbecc - INFO - model_utils.py:54 - Loaded model pickle (filename=trained_model-fr.pickle) from zip file (filename=data/models/trained_model-fr.zip)
2026-03-12 01:51:32,087 - verbecc - INFO - predictor.py:21 - Loaded existing model from zip file.
2026-03-12 01:51:32,174 - verbecc - WARNING - tense_conjugator_simple.py:59 - tense_template.person_endings is empty
2026-03-12 01:51:32,175 - verbecc - WARNING - tense_conjugator_simple.py:104 - conjugation is empty
2026-03-12 01:51:32,175 - verbecc - WARNING - tense_conjugator_simple.py:59 - tense_template.person_endings is empty
2026-03-12 01:51:32,176 - verbecc - WARNING - tense_conjugator_simple.py:104 - conjugation is empty
2026-03-12 01:51:39,304 - verbecc - INFO - verbs.py:29 - loaded verbecc config: VerbeccConfig(version=1, ENABLE_ML_PREDICTION=True, JSBEAUTIFIER_ENABLE=True, JSBEAUTIFIER_OPTS=JSBeautifierOpts(brace_style='expand', break_chained_methods=False, comma_first=False, e4x=False, end_with_newline=False, indent_char=' ', indent_empty_lines=False, indent_inner_html=False, indent_scripts='normal', indent_size=4, jslint_happy=False, keep_array_indentation=False, max_preserve_newlines=-1, preserve_newlines=False, space_before_conditional=True, unescape_strings=False, wrap_line_length=80), JSON_OPTS=JSONOpts(allow_nan=False, sort_keys=True, ensure_ascii=False, indent=4))
2026-03-12 01:51:39,347 - verbecc - INFO - model_utils.py:54 - Loaded model pickle (filename=trained_model-pt.pickle) from zip file (filename=data/models/trained_model-pt.zip)
2026-03-12 01:51:39,347 - verbecc - INFO - predictor.py:21 - Loaded existing model from zip file.
2026-03-12 01:51:39,454 - verbecc - INFO - verbs.py:29 - loaded verbecc config: VerbeccConfig(version=1, ENABLE_ML_PREDICTION=True, JSBEAUTIFIER_ENABLE=True, JSBEAUTIFIER_OPTS=JSBeautifierOpts(brace_style='expand', break_chained_methods=False, comma_first=False, e4x=False, end_with_newline=False, indent_char=' ', indent_empty_lines=False, indent_inner_html=False, indent_scripts='normal', indent_size=4, jslint_happy=False, keep_array_indentation=False, max_preserve_newlines=-1, preserve_newlines=False, space_before_conditional=True, unescape_strings=False, wrap_line_length=80), JSON_OPTS=JSONOpts(allow_nan=False, sort_keys=True, ensure_ascii=False, indent=4))
2026-03-12 01:51:39,468 - verbecc - INFO - model_utils.py:54 - Loaded model pickle (filename=trained_model-fr.pickle) from zip file (filename=data/models/trained_model-fr.zip)
2026-03-12 01:51:39,468 - verbecc - INFO - predictor.py:21 - Loaded existing model from zip file.
2026-03-12 01:51:39,557 - verbecc - WARNING - tense_conjugator_simple.py:59 - tense_template.person_endings is empty
2026-03-12 01:51:39,557 - verbecc - WARNING - tense_conjugator_simple.py:104 - conjugation is empty
2026-03-12 01:51:39,557 - verbecc - WARNING - tense_conjugator_simple.py:59 - tense_template.person_endings is empty
2026-03-12 01:51:39,557 - verbecc - WARNING - tense_conjugator_simple.py:104 - conjugation is empty
